Using pre-set license
Built from '2021.3/staging' branch; Version is '2021.3.2f1 (d6360bedb9a0) revision 14038539'; Using compiler version '192829333'; Build Type 'Release'
OS: 'Windows 11  (10.0.22000) 64bit CoreSingleLanguage' Language: 'es' Physical Memory: 15298 MB
BatchMode: 1, IsHumanControllingUs: 0, StartBugReporterOnCrash: 0, Is64bit: 1, IsPro: 1

COMMAND LINE ARGUMENTS:
D:\Programas\Unity\Editors\2021.3.2f1\Editor\Unity.exe
-adb2
-batchMode
-noUpm
-name
AssetImportWorker0
-projectPath
D:/Programas/Unity/Projects/RayTracing_1
-logFile
Logs/AssetImportWorker0.log
-srvPort
55812
Successfully changed project path to: D:/Programas/Unity/Projects/RayTracing_1
D:/Programas/Unity/Projects/RayTracing_1
[UnityMemory] Configuration Parameters - Can be set up in boot.config
    "memorysetup-bucket-allocator-granularity=16"
    "memorysetup-bucket-allocator-bucket-count=8"
    "memorysetup-bucket-allocator-block-size=33554432"
    "memorysetup-bucket-allocator-block-count=8"
    "memorysetup-main-allocator-block-size=16777216"
    "memorysetup-thread-allocator-block-size=16777216"
    "memorysetup-gfx-main-allocator-block-size=16777216"
    "memorysetup-gfx-thread-allocator-block-size=16777216"
    "memorysetup-cache-allocator-block-size=4194304"
    "memorysetup-typetree-allocator-block-size=2097152"
    "memorysetup-profiler-bucket-allocator-granularity=16"
    "memorysetup-profiler-bucket-allocator-bucket-count=8"
    "memorysetup-profiler-bucket-allocator-block-size=33554432"
    "memorysetup-profiler-bucket-allocator-block-count=8"
    "memorysetup-profiler-allocator-block-size=16777216"
    "memorysetup-profiler-editor-allocator-block-size=1048576"
    "memorysetup-temp-allocator-size-main=16777216"
    "memorysetup-job-temp-allocator-block-size=2097152"
    "memorysetup-job-temp-allocator-block-size-background=1048576"
    "memorysetup-job-temp-allocator-reduction-small-platforms=262144"
    "memorysetup-temp-allocator-size-background-worker=32768"
    "memorysetup-temp-allocator-size-job-worker=262144"
    "memorysetup-temp-allocator-size-preload-manager=33554432"
    "memorysetup-temp-allocator-size-nav-mesh-worker=65536"
    "memorysetup-temp-allocator-size-audio-worker=65536"
    "memorysetup-temp-allocator-size-cloud-worker=32768"
    "memorysetup-temp-allocator-size-gi-baking-worker=262144"
    "memorysetup-temp-allocator-size-gfx=262144"
Refreshing native plugins compatible for Editor in 335.75 ms, found 3 plugins.
Preloading 0 native plugins for Editor in 0.00 ms.
Initialize engine version: 2021.3.2f1 (d6360bedb9a0)
[Subsystems] Discovering subsystems at path D:/Programas/Unity/Editors/2021.3.2f1/Editor/Data/Resources/UnitySubsystems
[Subsystems] Discovering subsystems at path D:/Programas/Unity/Projects/RayTracing_1/Assets
GfxDevice: creating device client; threaded=0; jobified=0
d3d12: loaded!
Direct3D:
    Version:         Direct3D 12 [level 12.0]
    Renderer:        AMD Radeon R7 Graphics (ID=0x9874)
    Vendor:          ATI
    VRAM:            7649 MB
    App VRAM Budget: 7965 MB
    Driver:          27.20.20903.8001
    Unified Memory Architecture
d3d12: Profiler is enabled, but stable power state is not. GPU timing errors are expected.
Initialize mono
Mono path[0] = 'D:/Programas/Unity/Editors/2021.3.2f1/Editor/Data/Managed'
Mono path[1] = 'D:/Programas/Unity/Editors/2021.3.2f1/Editor/Data/MonoBleedingEdge/lib/mono/unityjit-win32'
Mono config path = 'D:/Programas/Unity/Editors/2021.3.2f1/Editor/Data/MonoBleedingEdge/etc'
Using monoOptions --debugger-agent=transport=dt_socket,embedding=1,server=y,suspend=n,address=127.0.0.1:56812
Begin MonoManager ReloadAssembly
Registering precompiled unity dll's ...
Register platform support module: D:/Programas/Unity/Editors/2021.3.2f1/Editor/Data/PlaybackEngines/WindowsStandaloneSupport/UnityEditor.WindowsStandalone.Extensions.dll
Registered in 0.011909 seconds.
Native extension for WindowsStandalone target not found
Refreshing native plugins compatible for Editor in 302.22 ms, found 3 plugins.
Preloading 0 native plugins for Editor in 0.00 ms.
Mono: successfully reloaded assembly
- Completed reload, in  1.923 seconds
Domain Reload Profiling:
	ReloadAssembly (1927ms)
		BeginReloadAssembly (219ms)
			ExecutionOrderSort (0ms)
			DisableScriptedObjects (0ms)
			BackupInstance (0ms)
			ReleaseScriptingObjects (0ms)
			CreateAndSetChildDomain (2ms)
		EndReloadAssembly (1407ms)
			LoadAssemblies (213ms)
			RebuildTransferFunctionScriptingTraits (0ms)
			SetupTypeCache (299ms)
			ReleaseScriptCaches (0ms)
			RebuildScriptCaches (78ms)
			SetupLoadedEditorAssemblies (886ms)
				LogAssemblyErrors (0ms)
				InitializePlatformSupportModulesInManaged (18ms)
				SetLoadedEditorAssemblies (0ms)
				RefreshPlugins (303ms)
				BeforeProcessingInitializeOnLoad (3ms)
				ProcessInitializeOnLoadAttributes (360ms)
				ProcessInitializeOnLoadMethodAttributes (200ms)
				AfterProcessingInitializeOnLoad (0ms)
				EditorAssembliesLoaded (1ms)
			ExecutionOrderSort2 (0ms)
			AwakeInstancesAfterBackupRestoration (0ms)
Platform modules already initialized, skipping
Registering precompiled user dll's ...
Registered in 0.040125 seconds.
Begin MonoManager ReloadAssembly
Symbol file LoadedFromMemory doesn't match image D:\Programas\Unity\Projects\RayTracing_1\Library\PackageCache\com.unity.visualscripting@1.7.6\Editor\VisualScripting.Core\Dependencies\YamlDotNet\Unity.VisualScripting.YamlDotNet.dll
Symbol file LoadedFromMemory doesn't match image D:\Programas\Unity\Projects\RayTracing_1\Library\PackageCache\com.unity.visualscripting@1.7.6\Editor\VisualScripting.Core\Dependencies\DotNetZip\Unity.VisualScripting.IonicZip.dll
Native extension for WindowsStandalone target not found
Refreshing native plugins compatible for Editor in 355.82 ms, found 3 plugins.
Preloading 0 native plugins for Editor in 0.00 ms.
Mono: successfully reloaded assembly
- Completed reload, in  5.234 seconds
Domain Reload Profiling:
	ReloadAssembly (5236ms)
		BeginReloadAssembly (314ms)
			ExecutionOrderSort (0ms)
			DisableScriptedObjects (14ms)
			BackupInstance (0ms)
			ReleaseScriptingObjects (0ms)
			CreateAndSetChildDomain (53ms)
		EndReloadAssembly (4525ms)
			LoadAssemblies (289ms)
			RebuildTransferFunctionScriptingTraits (0ms)
			SetupTypeCache (1459ms)
			ReleaseScriptCaches (2ms)
			RebuildScriptCaches (703ms)
			SetupLoadedEditorAssemblies (1924ms)
				LogAssemblyErrors (0ms)
				InitializePlatformSupportModulesInManaged (12ms)
				SetLoadedEditorAssemblies (0ms)
				RefreshPlugins (356ms)
				BeforeProcessingInitializeOnLoad (287ms)
				ProcessInitializeOnLoadAttributes (741ms)
				ProcessInitializeOnLoadMethodAttributes (509ms)
				AfterProcessingInitializeOnLoad (18ms)
				EditorAssembliesLoaded (1ms)
			ExecutionOrderSort2 (0ms)
			AwakeInstancesAfterBackupRestoration (16ms)
Platform modules already initialized, skipping
========================================================================
Worker process is ready to serve import requests
Launched and connected shader compiler UnityShaderCompiler.exe after 0.22 seconds
Refreshing native plugins compatible for Editor in 3.00 ms, found 3 plugins.
Preloading 0 native plugins for Editor in 0.00 ms.
Unloading 6221 Unused Serialized files (Serialized files now loaded: 0)
Unloading 53 unused Assets / (3.7 MB). Loaded Objects now: 6669.
Memory consumption went from 290.0 MB to 286.3 MB.
Total: 15.204000 ms (FindLiveObjects: 1.473300 ms CreateObjectMapping: 1.101700 ms MarkObjects: 10.976000 ms  DeleteObjects: 1.648300 ms)

AssetImportParameters requested are different than current active one (requested -> active):
  custom:video-decoder-ogg-theora: a1e56fd34408186e4bbccfd4996cb3dc -> 
  custom:container-muxer-webm: aa71ff27fc2769a1b78a27578f13a17b -> 
  custom:container-demuxer-webm: 4f35f7cbe854078d1ac9338744f61a02 -> 
  custom:video-encoder-webm-vp8: eb34c28f22e8b96e1ab97ce403110664 -> 
  custom:audio-encoder-webm-vorbis: bf7c407c2cedff20999df2af8eb42d56 -> 
  custom:framework-win-MediaFoundation: 216162199b28c13a410421893ffa2e32 -> 
  custom:container-demuxer-ogg: 62fdf1f143b41e24485cea50d1cbac27 -> 
  custom:video-decoder-webm-vp8: 9c59270c3fd7afecdb556c50c9e8de78 -> 
  custom:audio-decoder-ogg-vorbis: bf7c407c2cedff20999df2af8eb42d56 -> 
========================================================================
Received Import Request.
  Time since last request: 691061.987100 seconds.
  path: Assets/refraccion.mat
  artifactKey: Guid(9ccf19cd809d0354e857ec111207f443) Importer(815301076,1909f56bfc062723c751e8b465ee728b)
Start importing Assets/refraccion.mat using Guid(9ccf19cd809d0354e857ec111207f443) Importer(815301076,1909f56bfc062723c751e8b465ee728b) d3d12: upload buffer was full! Waited for COPY queue for 2.211 ms.
d3d12: upload buffer was full! Waited for COPY queue for 1.523 ms.
d3d12: upload buffer was full! Waited for COPY queue for 1.818 ms.
d3d12: upload buffer was full! Waited for COPY queue for 1.746 ms.
d3d12: upload buffer was full! Waited for COPY queue for 1.791 ms.
 -> (artifact id: '42615d2f597df5ab3f1dd81a28bd1873') in 66.224024 seconds 
========================================================================
Received Import Request.
  Time since last request: 574.390869 seconds.
  path: Assets/transparente.mat
  artifactKey: Guid(f710d63a1d5100b46b373e91484f15ae) Importer(815301076,1909f56bfc062723c751e8b465ee728b)
Start importing Assets/transparente.mat using Guid(f710d63a1d5100b46b373e91484f15ae) Importer(815301076,1909f56bfc062723c751e8b465ee728b)  -> (artifact id: '16b6981b247f463e9510e87c87cd55c1') in 0.214286 seconds 
========================================================================
Received Import Request.
  Time since last request: 13.446153 seconds.
  path: Assets/reflejante.mat
  artifactKey: Guid(f710d63a1d5100b46b373e91484f15ae) Importer(815301076,1909f56bfc062723c751e8b465ee728b)
Start importing Assets/reflejante.mat using Guid(f710d63a1d5100b46b373e91484f15ae) Importer(815301076,1909f56bfc062723c751e8b465ee728b)  -> (artifact id: 'db383590172d212275fdc9a6611e1d85') in 0.068349 seconds 
========================================================================
Received Import Request.
  Time since last request: 481.067683 seconds.
  path: Assets/reflejante.mat
  artifactKey: Guid(f710d63a1d5100b46b373e91484f15ae) Importer(815301076,1909f56bfc062723c751e8b465ee728b)
Start importing Assets/reflejante.mat using Guid(f710d63a1d5100b46b373e91484f15ae) Importer(815301076,1909f56bfc062723c751e8b465ee728b)  -> (artifact id: 'c637ade542d09d19d99e622e4db1f05b') in 44.205237 seconds 
========================================================================
Received Import Request.
  Time since last request: 0.000127 seconds.
  path: Assets/refraccion.mat
  artifactKey: Guid(9ccf19cd809d0354e857ec111207f443) Importer(815301076,1909f56bfc062723c751e8b465ee728b)
Start importing Assets/refraccion.mat using Guid(9ccf19cd809d0354e857ec111207f443) Importer(815301076,1909f56bfc062723c751e8b465ee728b)  -> (artifact id: 'c58abcf327a677d6c0a1c934203d8102') in 64.638313 seconds 
========================================================================
Received Import Request.
  Time since last request: 51.275485 seconds.
  path: Assets/objeto3.mat
  artifactKey: Guid(7255c6dfcde8fa24bb7a32a8fe587bc8) Importer(815301076,1909f56bfc062723c751e8b465ee728b)
Start importing Assets/objeto3.mat using Guid(7255c6dfcde8fa24bb7a32a8fe587bc8) Importer(815301076,1909f56bfc062723c751e8b465ee728b)  -> (artifact id: 'a8c9066a4b0aac31deccfd77a9744778') in 0.099109 seconds 
========================================================================
Received Import Request.
  Time since last request: 113.379184 seconds.
  path: Assets/objeto3.mat
  artifactKey: Guid(7255c6dfcde8fa24bb7a32a8fe587bc8) Importer(815301076,1909f56bfc062723c751e8b465ee728b)
Start importing Assets/objeto3.mat using Guid(7255c6dfcde8fa24bb7a32a8fe587bc8) Importer(815301076,1909f56bfc062723c751e8b465ee728b)  -> (artifact id: '91cefec68f21dc85f4bfc7d2b869e5ae') in 0.099066 seconds 
========================================================================
Received Import Request.
  Time since last request: 0.000199 seconds.
  path: Assets/objeto4.mat
  artifactKey: Guid(0e5b5c311b1623e4aabd9048b5caf5a3) Importer(815301076,1909f56bfc062723c751e8b465ee728b)
Start importing Assets/objeto4.mat using Guid(0e5b5c311b1623e4aabd9048b5caf5a3) Importer(815301076,1909f56bfc062723c751e8b465ee728b)  -> (artifact id: '6645791f24d8d0ea04d1619fe4f47492') in 0.121701 seconds 
========================================================================
Received Import Request.
  Time since last request: 34.445531 seconds.
  path: Assets/objeto4.mat
  artifactKey: Guid(0e5b5c311b1623e4aabd9048b5caf5a3) Importer(815301076,1909f56bfc062723c751e8b465ee728b)
Start importing Assets/objeto4.mat using Guid(0e5b5c311b1623e4aabd9048b5caf5a3) Importer(815301076,1909f56bfc062723c751e8b465ee728b)  -> (artifact id: '32497abb2734d9e14abbbe1371d232d5') in 0.122588 seconds 
========================================================================
Received Import Request.
  Time since last request: 0.000110 seconds.
  path: Assets/objeto5.mat
  artifactKey: Guid(ff43bd3b1f62ec241ac45c20b1b7536b) Importer(815301076,1909f56bfc062723c751e8b465ee728b)
Start importing Assets/objeto5.mat using Guid(ff43bd3b1f62ec241ac45c20b1b7536b) Importer(815301076,1909f56bfc062723c751e8b465ee728b)  -> (artifact id: 'cfbc9f007edb694b38c146a97655cee3') in 0.132911 seconds 
========================================================================
Received Import Request.
  Time since last request: 1.410267 seconds.
  path: Assets/objeto5 1.mat
  artifactKey: Guid(d8e4e6c36bf4b884aba98e6409219b93) Importer(815301076,1909f56bfc062723c751e8b465ee728b)
Start importing Assets/objeto5 1.mat using Guid(d8e4e6c36bf4b884aba98e6409219b93) Importer(815301076,1909f56bfc062723c751e8b465ee728b)  -> (artifact id: 'e4c6e5d404735685d84dc10312bd6722') in 0.118620 seconds 
========================================================================
Received Import Request.
  Time since last request: 5.082716 seconds.
  path: Assets/objeto6.mat
  artifactKey: Guid(d8e4e6c36bf4b884aba98e6409219b93) Importer(815301076,1909f56bfc062723c751e8b465ee728b)
Start importing Assets/objeto6.mat using Guid(d8e4e6c36bf4b884aba98e6409219b93) Importer(815301076,1909f56bfc062723c751e8b465ee728b)  -> (artifact id: '5e75249e2f8058187a5fbae1537fc184') in 0.066705 seconds 
========================================================================
Received Prepare
Registering precompiled user dll's ...
Registered in 0.015552 seconds.
Begin MonoManager ReloadAssembly
Symbol file LoadedFromMemory doesn't match image D:\Programas\Unity\Projects\RayTracing_1\Library\PackageCache\com.unity.visualscripting@1.7.6\Editor\VisualScripting.Core\Dependencies\YamlDotNet\Unity.VisualScripting.YamlDotNet.dll
Symbol file LoadedFromMemory doesn't match image D:\Programas\Unity\Projects\RayTracing_1\Library\PackageCache\com.unity.visualscripting@1.7.6\Editor\VisualScripting.Core\Dependencies\DotNetZip\Unity.VisualScripting.IonicZip.dll
Native extension for WindowsStandalone target not found
Refreshing native plugins compatible for Editor in 2.32 ms, found 3 plugins.
Preloading 0 native plugins for Editor in 0.00 ms.
Mono: successfully reloaded assembly
- Completed reload, in  4.970 seconds
Domain Reload Profiling:
	ReloadAssembly (4973ms)
		BeginReloadAssembly (1023ms)
			ExecutionOrderSort (0ms)
			DisableScriptedObjects (149ms)
			BackupInstance (0ms)
			ReleaseScriptingObjects (1ms)
			CreateAndSetChildDomain (392ms)
		EndReloadAssembly (3612ms)
			LoadAssemblies (356ms)
			RebuildTransferFunctionScriptingTraits (0ms)
			SetupTypeCache (1323ms)
			ReleaseScriptCaches (7ms)
			RebuildScriptCaches (219ms)
			SetupLoadedEditorAssemblies (1329ms)
				LogAssemblyErrors (0ms)
				InitializePlatformSupportModulesInManaged (29ms)
				SetLoadedEditorAssemblies (1ms)
				RefreshPlugins (3ms)
				BeforeProcessingInitializeOnLoad (227ms)
				ProcessInitializeOnLoadAttributes (918ms)
				ProcessInitializeOnLoadMethodAttributes (125ms)
				AfterProcessingInitializeOnLoad (27ms)
				EditorAssembliesLoaded (1ms)
			ExecutionOrderSort2 (0ms)
			AwakeInstancesAfterBackupRestoration (46ms)
Platform modules already initialized, skipping
Refreshing native plugins compatible for Editor in 13.36 ms, found 3 plugins.
Preloading 0 native plugins for Editor in 0.00 ms.
Unloading 5917 Unused Serialized files (Serialized files now loaded: 0)
Unloading 46 unused Assets / (3.7 MB). Loaded Objects now: 6820.
Memory consumption went from 284.4 MB to 280.7 MB.
Total: 26.060800 ms (FindLiveObjects: 1.070200 ms CreateObjectMapping: 1.166600 ms MarkObjects: 21.720700 ms  DeleteObjects: 2.098800 ms)

AssetImportParameters requested are different than current active one (requested -> active):
  custom:video-decoder-ogg-theora: a1e56fd34408186e4bbccfd4996cb3dc -> 
  custom:container-muxer-webm: aa71ff27fc2769a1b78a27578f13a17b -> 
  custom:container-demuxer-webm: 4f35f7cbe854078d1ac9338744f61a02 -> 
  custom:video-encoder-webm-vp8: eb34c28f22e8b96e1ab97ce403110664 -> 
  custom:audio-encoder-webm-vorbis: bf7c407c2cedff20999df2af8eb42d56 -> 
  custom:framework-win-MediaFoundation: 216162199b28c13a410421893ffa2e32 -> 
  custom:container-demuxer-ogg: 62fdf1f143b41e24485cea50d1cbac27 -> 
  custom:video-decoder-webm-vp8: 9c59270c3fd7afecdb556c50c9e8de78 -> 
  custom:audio-decoder-ogg-vorbis: bf7c407c2cedff20999df2af8eb42d56 -> 
========================================================================
Received Import Request.
  Time since last request: 2788.044121 seconds.
  path: Assets/objeto5.mat
  artifactKey: Guid(ff43bd3b1f62ec241ac45c20b1b7536b) Importer(815301076,1909f56bfc062723c751e8b465ee728b)
Start importing Assets/objeto5.mat using Guid(ff43bd3b1f62ec241ac45c20b1b7536b) Importer(815301076,1909f56bfc062723c751e8b465ee728b) d3d12: upload buffer was full! Waited for COPY queue for 1.908 ms.
d3d12: upload buffer was full! Waited for COPY queue for 1.800 ms.
d3d12: upload buffer was full! Waited for COPY queue for 1.963 ms.
d3d12: upload buffer was full! Waited for COPY queue for 1.942 ms.
d3d12: upload buffer was full! Waited for COPY queue for 1.557 ms.
 -> (artifact id: '1fbb6705aded1ffe72a8cd7845eedef7') in 5.990344 seconds 
========================================================================
Received Import Request.
  Time since last request: 0.000086 seconds.
  path: Assets/objeto6.mat
  artifactKey: Guid(d8e4e6c36bf4b884aba98e6409219b93) Importer(815301076,1909f56bfc062723c751e8b465ee728b)
Start importing Assets/objeto6.mat using Guid(d8e4e6c36bf4b884aba98e6409219b93) Importer(815301076,1909f56bfc062723c751e8b465ee728b)  -> (artifact id: 'e06f32821a21520ac657c2cbb530d7f7') in 0.045980 seconds 
========================================================================
Received Import Request.
  Time since last request: 5.561081 seconds.
  path: Assets/New Lighting Settings 1.lighting
  artifactKey: Guid(cf9c8bcd96de2d142a14e331e90aef83) Importer(815301076,1909f56bfc062723c751e8b465ee728b)
Start importing Assets/New Lighting Settings 1.lighting using Guid(cf9c8bcd96de2d142a14e331e90aef83) Importer(815301076,1909f56bfc062723c751e8b465ee728b) LightingSettings: switching bake backend from 1 to 2.
 -> (artifact id: '727e0682a478bce6044108c39825e295') in 0.019635 seconds 
========================================================================
Received Import Request.
  Time since last request: 301.973762 seconds.
  path: Assets/New Lighting Settings 1.lighting
  artifactKey: Guid(cf9c8bcd96de2d142a14e331e90aef83) Importer(815301076,1909f56bfc062723c751e8b465ee728b)
Start importing Assets/New Lighting Settings 1.lighting using Guid(cf9c8bcd96de2d142a14e331e90aef83) Importer(815301076,1909f56bfc062723c751e8b465ee728b) LightingSettings: switching bake backend from 1 to 2.
 -> (artifact id: 'cabc700b9f75839c826eaaef77b03988') in 0.033735 seconds 
